# project  configured on Wed Aug 20 17:36:45 2025 by
# waf 1.7.11 (abi 98, python 30c03f0 on linux)
# using /home/hayes/.pebble-sdk/SDKs/current/sdk-core/pebble/waf configure
#
----------------------------------------
Setting top to
/home/hayes/toyota
----------------------------------------
Setting out to
/home/hayes/toyota/build
----------------------------------------
Checking for program webpack
/home/hayes/.pebble-sdk/SDKs/current/node_modules/.bin/webpack
find program=['webpack'] paths=['/home/hayes/.pebble-sdk/SDKs/current/node_modules/.bin'] var='WEBPACK' -> '/home/hayes/.pebble-sdk/SDKs/current/node_modules/.bin/webpack'
----------------------------------------
Found Pebble SDK for basalt in:
/home/hayes/.pebble-sdk/SDKs/current/sdk-core/pebble/basalt
----------------------------------------
Checking for program gcc,cc
arm-none-eabi-gcc
find program=['gcc', 'cc'] paths='' var='CC' -> 'arm-none-eabi-gcc'
----------------------------------------
Checking for program ar
arm-none-eabi-ar
find program=['ar'] paths='' var='AR' -> 'arm-none-eabi-ar'
